2020-05-27 11:07:03.677 [main] INFO  com.cjl.skill.SkillStart - Starting SkillStart on cjl with PID 19136 (D:\bawei\1706B\workspace\skill\target\classes started by cjl in D:\bawei\1706B\workspace\skill)
2020-05-27 11:07:03.681 [main] INFO  com.cjl.skill.SkillStart - No active profile set, falling back to default profiles: default
2020-05-27 11:07:04.843 [main] INFO  o.s.boot.web.embedded.tomcat.TomcatWebServer - Tomcat initialized with port(s): 80 (http)
2020-05-27 11:07:04.857 [main] INFO  org.apache.coyote.http11.Http11NioProtocol - Initializing ProtocolHandler ["http-nio-80"]
2020-05-27 11:07:04.864 [main] INFO  org.apache.catalina.core.StandardService - Starting service [Tomcat]
2020-05-27 11:07:04.864 [main] INFO  org.apache.catalina.core.StandardEngine - Starting Servlet engine: [Apache Tomcat/9.0.22]
2020-05-27 11:07:05.054 [main] INFO  org.apache.jasper.servlet.TldScanner - At least one JAR was scanned for TLDs yet contained no TLDs. Enable debug logging for this logger for a complete list of JARs that were scanned but no TLDs were found in them. Skipping unneeded JARs during scanning can improve startup time and JSP compilation time.
2020-05-27 11:07:05.058 [main] INFO  o.a.c.core.ContainerBase.[Tomcat].[localhost].[/] - Initializing Spring embedded WebApplicationContext
2020-05-27 11:07:05.058 [main] INFO  org.springframework.web.context.ContextLoader - Root WebApplicationContext: initialization completed in 1331 ms
2020-05-27 11:07:05.180 [main] INFO  c.a.d.s.b.a.DruidDataSourceAutoConfigure - Init DruidDataSource
2020-05-27 11:07:05.362 [main] INFO  com.alibaba.druid.pool.DruidDataSource - {dataSource-1} inited
2020-05-27 11:07:05.831 [main] INFO  o.s.scheduling.concurrent.ThreadPoolTaskExecutor - Initializing ExecutorService 'applicationTaskExecutor'
2020-05-27 11:07:06.063 [main] INFO  org.apache.coyote.http11.Http11NioProtocol - Starting ProtocolHandler ["http-nio-80"]
2020-05-27 11:07:06.112 [main] INFO  o.s.boot.web.embedded.tomcat.TomcatWebServer - Tomcat started on port(s): 80 (http) with context path ''
2020-05-27 11:07:06.115 [main] INFO  com.cjl.skill.SkillStart - Started SkillStart in 2.902 seconds (JVM running for 3.868)
2020-05-27 11:08:55.718 [http-nio-80-exec-1] INFO  o.a.c.core.ContainerBase.[Tomcat].[localhost].[/] - Initializing Spring DispatcherServlet 'dispatcherServlet'
2020-05-27 11:08:55.719 [http-nio-80-exec-1] INFO  org.springframework.web.servlet.DispatcherServlet - Initializing Servlet 'dispatcherServlet'
2020-05-27 11:08:55.725 [http-nio-80-exec-1] INFO  org.springframework.web.servlet.DispatcherServlet - Completed initialization in 6 ms
2020-05-27 11:11:03.983 [RMI TCP Connection(6)-127.0.0.1] INFO  o.s.b.a.SpringApplicationAdminMXBeanRegistrar$SpringApplicationAdmin - Application shutdown requested.
2020-05-27 11:11:03.985 [RMI TCP Connection(6)-127.0.0.1] INFO  o.s.scheduling.concurrent.ThreadPoolTaskExecutor - Shutting down ExecutorService 'applicationTaskExecutor'
2020-05-27 11:11:03.988 [RMI TCP Connection(6)-127.0.0.1] INFO  com.alibaba.druid.pool.DruidDataSource - {dataSource-1} closed
2020-05-27 11:13:16.130 [main] INFO  com.cjl.skill.SkillStart - Starting SkillStart on cjl with PID 5304 (D:\bawei\1706B\workspace\skill\target\classes started by cjl in D:\bawei\1706B\workspace\skill)
2020-05-27 11:13:16.134 [main] INFO  com.cjl.skill.SkillStart - No active profile set, falling back to default profiles: default
2020-05-27 11:13:17.305 [main] INFO  o.s.boot.web.embedded.tomcat.TomcatWebServer - Tomcat initialized with port(s): 80 (http)
2020-05-27 11:13:17.322 [main] INFO  org.apache.coyote.http11.Http11NioProtocol - Initializing ProtocolHandler ["http-nio-80"]
2020-05-27 11:13:17.331 [main] INFO  org.apache.catalina.core.StandardService - Starting service [Tomcat]
2020-05-27 11:13:17.331 [main] INFO  org.apache.catalina.core.StandardEngine - Starting Servlet engine: [Apache Tomcat/9.0.22]
2020-05-27 11:13:17.523 [main] INFO  org.apache.jasper.servlet.TldScanner - At least one JAR was scanned for TLDs yet contained no TLDs. Enable debug logging for this logger for a complete list of JARs that were scanned but no TLDs were found in them. Skipping unneeded JARs during scanning can improve startup time and JSP compilation time.
2020-05-27 11:13:17.529 [main] INFO  o.a.c.core.ContainerBase.[Tomcat].[localhost].[/] - Initializing Spring embedded WebApplicationContext
2020-05-27 11:13:17.529 [main] INFO  org.springframework.web.context.ContextLoader - Root WebApplicationContext: initialization completed in 1358 ms
2020-05-27 11:13:17.653 [main] INFO  c.a.d.s.b.a.DruidDataSourceAutoConfigure - Init DruidDataSource
2020-05-27 11:13:17.800 [main] INFO  com.alibaba.druid.pool.DruidDataSource - {dataSource-1} inited
2020-05-27 11:13:18.282 [main] INFO  o.s.scheduling.concurrent.ThreadPoolTaskExecutor - Initializing ExecutorService 'applicationTaskExecutor'
2020-05-27 11:13:18.608 [main] INFO  org.apache.coyote.http11.Http11NioProtocol - Starting ProtocolHandler ["http-nio-80"]
2020-05-27 11:13:18.639 [main] INFO  o.s.boot.web.embedded.tomcat.TomcatWebServer - Tomcat started on port(s): 80 (http) with context path ''
2020-05-27 11:13:18.642 [main] INFO  com.cjl.skill.SkillStart - Started SkillStart in 2.959 seconds (JVM running for 3.877)
2020-05-27 11:14:14.572 [http-nio-80-exec-2] INFO  o.a.c.core.ContainerBase.[Tomcat].[localhost].[/] - Initializing Spring DispatcherServlet 'dispatcherServlet'
2020-05-27 11:14:14.572 [http-nio-80-exec-2] INFO  org.springframework.web.servlet.DispatcherServlet - Initializing Servlet 'dispatcherServlet'
2020-05-27 11:14:14.577 [http-nio-80-exec-2] INFO  org.springframework.web.servlet.DispatcherServlet - Completed initialization in 5 ms
